0 info it worked if it ends with ok
1 verbose cli [ 'C:\\Program Files\\nodejs\\node.exe',
1 verbose cli   'C:\\Program Files\\nodejs\\node_modules\\npm\\bin\\npm-cli.js',
1 verbose cli   'install',
1 verbose cli   'node-normalize-sass',
1 verbose cli   '-save' ]
2 info using npm@2.15.5
3 info using node@v4.4.5
4 verbose install initial load of E:\zadanie\app\package.json
5 warn package.json MonterailApp@1.0.0 No description
6 warn package.json MonterailApp@1.0.0 No repository field.
7 warn package.json MonterailApp@1.0.0 No README data
8 warn package.json MonterailApp@1.0.0 No license field.
9 verbose installManyTop reading scoped package data from E:\zadanie\app\node_modules\del\package.json
10 verbose installManyTop reading scoped package data from E:\zadanie\app\node_modules\gulp\package.json
11 verbose installManyTop reading scoped package data from E:\zadanie\app\node_modules\gulp-autoprefixer\package.json
12 verbose installManyTop reading scoped package data from E:\zadanie\app\node_modules\gulp-clean\package.json
13 verbose installManyTop reading scoped package data from E:\zadanie\app\node_modules\gulp-coffee\package.json
14 verbose installManyTop reading scoped package data from E:\zadanie\app\node_modules\gulp-connect\package.json
15 verbose installManyTop reading scoped package data from E:\zadanie\app\node_modules\gulp-jade\package.json
16 verbose installManyTop reading scoped package data from E:\zadanie\app\node_modules\gulp-load-plugins\package.json
17 verbose installManyTop reading scoped package data from E:\zadanie\app\node_modules\gulp-ruby-sass\package.json
18 verbose installManyTop reading scoped package data from E:\zadanie\app\node_modules\gulp-sass\package.json
19 verbose installManyTop reading scoped package data from E:\zadanie\app\node_modules\gulp-slim\package.json
20 verbose installManyTop reading scoped package data from E:\zadanie\app\node_modules\gulp-watch\package.json
21 verbose installManyTop reading scoped package data from E:\zadanie\app\node_modules\jade\package.json
22 verbose installManyTop reading scoped package data from E:\zadanie\app\node_modules\node-normalize-scss\package.json
23 info package.json gulp-slim@0.3.0 No license field.
24 verbose readDependencies loading dependencies from E:\zadanie\app\package.json
25 silly cache add args [ 'node-normalize-sass', null ]
26 verbose cache add spec node-normalize-sass
27 silly cache add parsed spec Result {
27 silly cache add   raw: 'node-normalize-sass',
27 silly cache add   scope: null,
27 silly cache add   name: 'node-normalize-sass',
27 silly cache add   rawSpec: '',
27 silly cache add   spec: 'latest',
27 silly cache add   type: 'tag' }
28 silly addNamed node-normalize-sass@latest
29 verbose addNamed "latest" is being treated as a dist-tag for node-normalize-sass
30 info addNameTag [ 'node-normalize-sass', 'latest' ]
31 silly mapToRegistry name node-normalize-sass
32 silly mapToRegistry using default registry
33 silly mapToRegistry registry https://registry.npmjs.org/
34 silly mapToRegistry data Result {
34 silly mapToRegistry   raw: 'node-normalize-sass',
34 silly mapToRegistry   scope: null,
34 silly mapToRegistry   name: 'node-normalize-sass',
34 silly mapToRegistry   rawSpec: '',
34 silly mapToRegistry   spec: 'latest',
34 silly mapToRegistry   type: 'tag' }
35 silly mapToRegistry uri https://registry.npmjs.org/node-normalize-sass
36 verbose addNameTag registry:https://registry.npmjs.org/node-normalize-sass not in flight; fetching
37 verbose request uri https://registry.npmjs.org/node-normalize-sass
38 verbose request no auth needed
39 info attempt registry request try #1 at 20:13:08
40 verbose request id 7ac489eb8d75405c
41 http request GET https://registry.npmjs.org/node-normalize-sass
42 http 404 https://registry.npmjs.org/node-normalize-sass
43 verbose headers { 'content-type': 'application/json',
43 verbose headers   'cache-control': 'max-age=0',
43 verbose headers   'content-length': '2',
43 verbose headers   'accept-ranges': 'bytes',
43 verbose headers   date: 'Sun, 29 May 2016 18:13:08 GMT',
43 verbose headers   via: '1.1 varnish',
43 verbose headers   age: '0',
43 verbose headers   connection: 'keep-alive',
43 verbose headers   'x-served-by': 'cache-fra1229-FRA',
43 verbose headers   'x-cache': 'MISS',
43 verbose headers   'x-cache-hits': '0',
43 verbose headers   'x-timer': 'S1464545588.343753,VS0,VE422',
43 verbose headers   vary: 'Accept-Encoding' }
44 silly get cb [ 404,
44 silly get   { 'content-type': 'application/json',
44 silly get     'cache-control': 'max-age=0',
44 silly get     'content-length': '2',
44 silly get     'accept-ranges': 'bytes',
44 silly get     date: 'Sun, 29 May 2016 18:13:08 GMT',
44 silly get     via: '1.1 varnish',
44 silly get     age: '0',
44 silly get     connection: 'keep-alive',
44 silly get     'x-served-by': 'cache-fra1229-FRA',
44 silly get     'x-cache': 'MISS',
44 silly get     'x-cache-hits': '0',
44 silly get     'x-timer': 'S1464545588.343753,VS0,VE422',
44 silly get     vary: 'Accept-Encoding' } ]
45 verbose stack Error: Registry returned 404 for GET on https://registry.npmjs.org/node-normalize-sass
45 verbose stack     at makeError (C:\Program Files\nodejs\node_modules\npm\node_modules\npm-registry-client\lib\request.js:264:12)
45 verbose stack     at CachingRegistryClient.<anonymous> (C:\Program Files\nodejs\node_modules\npm\node_modules\npm-registry-client\lib\request.js:242:14)
45 verbose stack     at Request._callback (C:\Program Files\nodejs\node_modules\npm\node_modules\npm-registry-client\lib\request.js:172:14)
45 verbose stack     at Request.self.callback (C:\Program Files\nodejs\node_modules\npm\node_modules\request\request.js:200:22)
45 verbose stack     at emitTwo (events.js:87:13)
45 verbose stack     at Request.emit (events.js:172:7)
45 verbose stack     at Request.<anonymous> (C:\Program Files\nodejs\node_modules\npm\node_modules\request\request.js:1067:10)
45 verbose stack     at emitOne (events.js:82:20)
45 verbose stack     at Request.emit (events.js:169:7)
45 verbose stack     at IncomingMessage.<anonymous> (C:\Program Files\nodejs\node_modules\npm\node_modules\request\request.js:988:12)
46 verbose statusCode 404
47 verbose pkgid node-normalize-sass
48 verbose cwd E:\zadanie\app
49 error Windows_NT 10.0.10586
50 error argv "C:\\Program Files\\nodejs\\node.exe" "C:\\Program Files\\nodejs\\node_modules\\npm\\bin\\npm-cli.js" "install" "node-normalize-sass" "-save"
51 error node v4.4.5
52 error npm  v2.15.5
53 error code E404
54 error 404 Registry returned 404 for GET on https://registry.npmjs.org/node-normalize-sass
54 error 404
54 error 404 'node-normalize-sass' is not in the npm registry.
54 error 404 You should bug the author to publish it (or use the name yourself!)
54 error 404 It was specified as a dependency of 'MonterailApp'
54 error 404
54 error 404 Note that you can also install from a
54 error 404 tarball, folder, http url, or git url.
55 verbose exit [ 1, true ]
